CRITICAL - 2021-03-24 00:47:14 --> Call to undefined function form_open()
#0 D:\Ampps\www\ppdb\system\View\View.php(220): include()
#1 D:\Ampps\www\ppdb\system\View\View.php(222): CodeIgniter\View\View->CodeIgniter\View\{closure}()
#2 D:\Ampps\www\ppdb\system\Common.php(1217): CodeIgniter\View\View->render('v_login-user', Array, true)
#3 D:\Ampps\www\ppdb\app\Controllers\Auth.php(22): view('v_login-user')
#4 D:\Ampps\www\ppdb\system\CodeIgniter.php(936): App\Controllers\Auth->login()
#5 D:\Ampps\www\ppdb\system\CodeIgniter.php(432): CodeIgniter\CodeIgniter->runController(Object(App\Controllers\Auth))
#6 D:\Ampps\www\ppdb\system\CodeIgniter.php(333): CodeIgniter\CodeIgniter->handleRequest(NULL, Object(Config\Cache), false)
#7 D:\Ampps\www\ppdb\public\index.php(44): CodeIgniter\CodeIgniter->run()
#8 {main}
CRITICAL - 2021-03-24 02:10:56 --> Call to undefined function form_open()
#0 D:\Ampps\www\ppdb\system\View\View.php(220): include()
#1 D:\Ampps\www\ppdb\system\View\View.php(222): CodeIgniter\View\View->CodeIgniter\View\{closure}()
#2 D:\Ampps\www\ppdb\system\Common.php(1217): CodeIgniter\View\View->render('v_login-user', Array, true)
#3 D:\Ampps\www\ppdb\app\Controllers\Auth.php(22): view('v_login-user')
#4 D:\Ampps\www\ppdb\system\CodeIgniter.php(936): App\Controllers\Auth->login()
#5 D:\Ampps\www\ppdb\system\CodeIgniter.php(432): CodeIgniter\CodeIgniter->runController(Object(App\Controllers\Auth))
#6 D:\Ampps\www\ppdb\system\CodeIgniter.php(333): CodeIgniter\CodeIgniter->handleRequest(NULL, Object(Config\Cache), false)
#7 D:\Ampps\www\ppdb\public\index.php(44): CodeIgniter\CodeIgniter->run()
#8 {main}
CRITICAL - 2021-03-24 02:27:14 --> Undefined variable: validation
#0 D:\Ampps\www\ppdb\app\Views\v_login-user.php(26): CodeIgniter\Debug\Exceptions->errorHandler(8, 'Undefined varia...', 'D:\\Ampps\\www\\pp...', 26, Array)
#1 D:\Ampps\www\ppdb\system\View\View.php(220): include('D:\\Ampps\\www\\pp...')
#2 D:\Ampps\www\ppdb\system\View\View.php(222): CodeIgniter\View\View->CodeIgniter\View\{closure}()
#3 D:\Ampps\www\ppdb\system\Common.php(1217): CodeIgniter\View\View->render('v_login-user', Array, true)
#4 D:\Ampps\www\ppdb\app\Controllers\Auth.php(23): view('v_login-user')
#5 D:\Ampps\www\ppdb\system\CodeIgniter.php(936): App\Controllers\Auth->login()
#6 D:\Ampps\www\ppdb\system\CodeIgniter.php(432): CodeIgniter\CodeIgniter->runController(Object(App\Controllers\Auth))
#7 D:\Ampps\www\ppdb\system\CodeIgniter.php(333): CodeIgniter\CodeIgniter->handleRequest(NULL, Object(Config\Cache), false)
#8 D:\Ampps\www\ppdb\public\index.php(44): CodeIgniter\CodeIgniter->run()
#9 {main}
CRITICAL - 2021-03-24 02:28:48 --> Undefined variable: errors
#0 D:\Ampps\www\ppdb\app\Views\v_login-user.php(28): CodeIgniter\Debug\Exceptions->errorHandler(8, 'Undefined varia...', 'D:\\Ampps\\www\\pp...', 28, Array)
#1 D:\Ampps\www\ppdb\system\View\View.php(220): include('D:\\Ampps\\www\\pp...')
#2 D:\Ampps\www\ppdb\system\View\View.php(222): CodeIgniter\View\View->CodeIgniter\View\{closure}()
#3 D:\Ampps\www\ppdb\system\Common.php(1217): CodeIgniter\View\View->render('v_login-user', Array, true)
#4 D:\Ampps\www\ppdb\app\Controllers\Auth.php(23): view('v_login-user')
#5 D:\Ampps\www\ppdb\system\CodeIgniter.php(936): App\Controllers\Auth->login()
#6 D:\Ampps\www\ppdb\system\CodeIgniter.php(432): CodeIgniter\CodeIgniter->runController(Object(App\Controllers\Auth))
#7 D:\Ampps\www\ppdb\system\CodeIgniter.php(333): CodeIgniter\CodeIgniter->handleRequest(NULL, Object(Config\Cache), false)
#8 D:\Ampps\www\ppdb\public\index.php(44): CodeIgniter\CodeIgniter->run()
#9 {main}
CRITICAL - 2021-03-24 02:36:11 --> Class 'Config\Service' not found
#0 D:\Ampps\www\ppdb\system\CodeIgniter.php(936): App\Controllers\Auth->cek_login_user()
#1 D:\Ampps\www\ppdb\system\CodeIgniter.php(432): CodeIgniter\CodeIgniter->runController(Object(App\Controllers\Auth))
#2 D:\Ampps\www\ppdb\system\CodeIgniter.php(333): CodeIgniter\CodeIgniter->handleRequest(NULL, Object(Config\Cache), false)
#3 D:\Ampps\www\ppdb\public\index.php(44): CodeIgniter\CodeIgniter->run()
#4 {main}
CRITICAL - 2021-03-24 02:37:41 --> Undefined variable: errors
#0 D:\Ampps\www\ppdb\app\Views\v_login-user.php(30): CodeIgniter\Debug\Exceptions->errorHandler(8, 'Undefined varia...', 'D:\\Ampps\\www\\pp...', 30, Array)
#1 D:\Ampps\www\ppdb\system\View\View.php(220): include('D:\\Ampps\\www\\pp...')
#2 D:\Ampps\www\ppdb\system\View\View.php(222): CodeIgniter\View\View->CodeIgniter\View\{closure}()
#3 D:\Ampps\www\ppdb\system\Common.php(1217): CodeIgniter\View\View->render('v_login-user', Array, true)
#4 D:\Ampps\www\ppdb\app\Controllers\Auth.php(23): view('v_login-user')
#5 D:\Ampps\www\ppdb\system\CodeIgniter.php(936): App\Controllers\Auth->login()
#6 D:\Ampps\www\ppdb\system\CodeIgniter.php(432): CodeIgniter\CodeIgniter->runController(Object(App\Controllers\Auth))
#7 D:\Ampps\www\ppdb\system\CodeIgniter.php(333): CodeIgniter\CodeIgniter->handleRequest(NULL, Object(Config\Cache), false)
#8 D:\Ampps\www\ppdb\public\index.php(44): CodeIgniter\CodeIgniter->run()
#9 {main}
CRITICAL - 2021-03-24 02:40:28 --> syntax error, unexpected 'if' (T_IF)
#0 D:\Ampps\www\ppdb\system\View\View.php(222): CodeIgniter\View\View->CodeIgniter\View\{closure}()
#1 D:\Ampps\www\ppdb\system\Common.php(1217): CodeIgniter\View\View->render('v_login-user', Array, true)
#2 D:\Ampps\www\ppdb\app\Controllers\Auth.php(23): view('v_login-user')
#3 D:\Ampps\www\ppdb\system\CodeIgniter.php(936): App\Controllers\Auth->login()
#4 D:\Ampps\www\ppdb\system\CodeIgniter.php(432): CodeIgniter\CodeIgniter->runController(Object(App\Controllers\Auth))
#5 D:\Ampps\www\ppdb\system\CodeIgniter.php(333): CodeIgniter\CodeIgniter->handleRequest(NULL, Object(Config\Cache), false)
#6 D:\Ampps\www\ppdb\public\index.php(44): CodeIgniter\CodeIgniter->run()
#7 {main}
CRITICAL - 2021-03-24 02:40:31 --> syntax error, unexpected 'if' (T_IF)
#0 D:\Ampps\www\ppdb\system\View\View.php(222): CodeIgniter\View\View->CodeIgniter\View\{closure}()
#1 D:\Ampps\www\ppdb\system\Common.php(1217): CodeIgniter\View\View->render('v_login-user', Array, true)
#2 D:\Ampps\www\ppdb\app\Controllers\Auth.php(23): view('v_login-user')
#3 D:\Ampps\www\ppdb\system\CodeIgniter.php(936): App\Controllers\Auth->login()
#4 D:\Ampps\www\ppdb\system\CodeIgniter.php(432): CodeIgniter\CodeIgniter->runController(Object(App\Controllers\Auth))
#5 D:\Ampps\www\ppdb\system\CodeIgniter.php(333): CodeIgniter\CodeIgniter->handleRequest(NULL, Object(Config\Cache), false)
#6 D:\Ampps\www\ppdb\public\index.php(44): CodeIgniter\CodeIgniter->run()
#7 {main}
CRITICAL - 2021-03-24 02:40:32 --> syntax error, unexpected 'if' (T_IF)
#0 D:\Ampps\www\ppdb\system\View\View.php(222): CodeIgniter\View\View->CodeIgniter\View\{closure}()
#1 D:\Ampps\www\ppdb\system\Common.php(1217): CodeIgniter\View\View->render('v_login-user', Array, true)
#2 D:\Ampps\www\ppdb\app\Controllers\Auth.php(23): view('v_login-user')
#3 D:\Ampps\www\ppdb\system\CodeIgniter.php(936): App\Controllers\Auth->login()
#4 D:\Ampps\www\ppdb\system\CodeIgniter.php(432): CodeIgniter\CodeIgniter->runController(Object(App\Controllers\Auth))
#5 D:\Ampps\www\ppdb\system\CodeIgniter.php(333): CodeIgniter\CodeIgniter->handleRequest(NULL, Object(Config\Cache), false)
#6 D:\Ampps\www\ppdb\public\index.php(44): CodeIgniter\CodeIgniter->run()
#7 {main}
CRITICAL - 2021-03-24 02:40:32 --> syntax error, unexpected 'if' (T_IF)
#0 D:\Ampps\www\ppdb\system\View\View.php(222): CodeIgniter\View\View->CodeIgniter\View\{closure}()
#1 D:\Ampps\www\ppdb\system\Common.php(1217): CodeIgniter\View\View->render('v_login-user', Array, true)
#2 D:\Ampps\www\ppdb\app\Controllers\Auth.php(23): view('v_login-user')
#3 D:\Ampps\www\ppdb\system\CodeIgniter.php(936): App\Controllers\Auth->login()
#4 D:\Ampps\www\ppdb\system\CodeIgniter.php(432): CodeIgniter\CodeIgniter->runController(Object(App\Controllers\Auth))
#5 D:\Ampps\www\ppdb\system\CodeIgniter.php(333): CodeIgniter\CodeIgniter->handleRequest(NULL, Object(Config\Cache), false)
#6 D:\Ampps\www\ppdb\public\index.php(44): CodeIgniter\CodeIgniter->run()
#7 {main}
CRITICAL - 2021-03-24 02:40:32 --> syntax error, unexpected 'if' (T_IF)
#0 D:\Ampps\www\ppdb\system\View\View.php(222): CodeIgniter\View\View->CodeIgniter\View\{closure}()
#1 D:\Ampps\www\ppdb\system\Common.php(1217): CodeIgniter\View\View->render('v_login-user', Array, true)
#2 D:\Ampps\www\ppdb\app\Controllers\Auth.php(23): view('v_login-user')
#3 D:\Ampps\www\ppdb\system\CodeIgniter.php(936): App\Controllers\Auth->login()
#4 D:\Ampps\www\ppdb\system\CodeIgniter.php(432): CodeIgniter\CodeIgniter->runController(Object(App\Controllers\Auth))
#5 D:\Ampps\www\ppdb\system\CodeIgniter.php(333): CodeIgniter\CodeIgniter->handleRequest(NULL, Object(Config\Cache), false)
#6 D:\Ampps\www\ppdb\public\index.php(44): CodeIgniter\CodeIgniter->run()
#7 {main}
CRITICAL - 2021-03-24 02:40:33 --> syntax error, unexpected 'if' (T_IF)
#0 D:\Ampps\www\ppdb\system\View\View.php(222): CodeIgniter\View\View->CodeIgniter\View\{closure}()
#1 D:\Ampps\www\ppdb\system\Common.php(1217): CodeIgniter\View\View->render('v_login-user', Array, true)
#2 D:\Ampps\www\ppdb\app\Controllers\Auth.php(23): view('v_login-user')
#3 D:\Ampps\www\ppdb\system\CodeIgniter.php(936): App\Controllers\Auth->login()
#4 D:\Ampps\www\ppdb\system\CodeIgniter.php(432): CodeIgniter\CodeIgniter->runController(Object(App\Controllers\Auth))
#5 D:\Ampps\www\ppdb\system\CodeIgniter.php(333): CodeIgniter\CodeIgniter->handleRequest(NULL, Object(Config\Cache), false)
#6 D:\Ampps\www\ppdb\public\index.php(44): CodeIgniter\CodeIgniter->run()
#7 {main}
CRITICAL - 2021-03-24 02:40:33 --> syntax error, unexpected 'if' (T_IF)
#0 D:\Ampps\www\ppdb\system\View\View.php(222): CodeIgniter\View\View->CodeIgniter\View\{closure}()
#1 D:\Ampps\www\ppdb\system\Common.php(1217): CodeIgniter\View\View->render('v_login-user', Array, true)
#2 D:\Ampps\www\ppdb\app\Controllers\Auth.php(23): view('v_login-user')
#3 D:\Ampps\www\ppdb\system\CodeIgniter.php(936): App\Controllers\Auth->login()
#4 D:\Ampps\www\ppdb\system\CodeIgniter.php(432): CodeIgniter\CodeIgniter->runController(Object(App\Controllers\Auth))
#5 D:\Ampps\www\ppdb\system\CodeIgniter.php(333): CodeIgniter\CodeIgniter->handleRequest(NULL, Object(Config\Cache), false)
#6 D:\Ampps\www\ppdb\public\index.php(44): CodeIgniter\CodeIgniter->run()
#7 {main}
CRITICAL - 2021-03-24 02:57:46 --> syntax error, unexpected ';'
#0 D:\Ampps\www\ppdb\system\View\View.php(222): CodeIgniter\View\View->CodeIgniter\View\{closure}()
#1 D:\Ampps\www\ppdb\system\Common.php(1217): CodeIgniter\View\View->render('v_login-user', Array, true)
#2 D:\Ampps\www\ppdb\app\Controllers\Auth.php(23): view('v_login-user')
#3 D:\Ampps\www\ppdb\system\CodeIgniter.php(936): App\Controllers\Auth->login()
#4 D:\Ampps\www\ppdb\system\CodeIgniter.php(432): CodeIgniter\CodeIgniter->runController(Object(App\Controllers\Auth))
#5 D:\Ampps\www\ppdb\system\CodeIgniter.php(333): CodeIgniter\CodeIgniter->handleRequest(NULL, Object(Config\Cache), false)
#6 D:\Ampps\www\ppdb\public\index.php(44): CodeIgniter\CodeIgniter->run()
#7 {main}
CRITICAL - 2021-03-24 02:58:43 --> Undefined property: App\Controllers\Auth::$Modelauth
#0 D:\Ampps\www\ppdb\app\Controllers\Auth.php(48): CodeIgniter\Debug\Exceptions->errorHandler(8, 'Undefined prope...', 'D:\\Ampps\\www\\pp...', 48, Array)
#1 D:\Ampps\www\ppdb\system\CodeIgniter.php(936): App\Controllers\Auth->cek_login_user()
#2 D:\Ampps\www\ppdb\system\CodeIgniter.php(432): CodeIgniter\CodeIgniter->runController(Object(App\Controllers\Auth))
#3 D:\Ampps\www\ppdb\system\CodeIgniter.php(333): CodeIgniter\CodeIgniter->handleRequest(NULL, Object(Config\Cache), false)
#4 D:\Ampps\www\ppdb\public\index.php(44): CodeIgniter\CodeIgniter->run()
#5 {main}
CRITICAL - 2021-03-24 02:59:46 --> Use of undefined constant cek_login - assumed 'cek_login' (this will throw an Error in a future version of PHP)
#0 D:\Ampps\www\ppdb\app\Controllers\Auth.php(49): CodeIgniter\Debug\Exceptions->errorHandler(2, 'Use of undefine...', 'D:\\Ampps\\www\\pp...', 49, Array)
#1 D:\Ampps\www\ppdb\system\CodeIgniter.php(936): App\Controllers\Auth->cek_login_user()
#2 D:\Ampps\www\ppdb\system\CodeIgniter.php(432): CodeIgniter\CodeIgniter->runController(Object(App\Controllers\Auth))
#3 D:\Ampps\www\ppdb\system\CodeIgniter.php(333): CodeIgniter\CodeIgniter->handleRequest(NULL, Object(Config\Cache), false)
#4 D:\Ampps\www\ppdb\public\index.php(44): CodeIgniter\CodeIgniter->run()
#5 {main}
